<?xml version="1.0" encoding="UTF-8"?>
<testsuite name="Como usuario , registrame en la pagina" tests="1" skipped="0" failures="0" errors="0" timestamp="2022-10-11T05:15:12" hostname="DESKTOP-B8TPBLD" time="48.37">
  <properties/>
  <testcase name="registar datos en la pagina todotest" classname="Como usuario , registrame en la pagina" time="48.37"/>
  <system-out><![CDATA[]]></system-out>
  <system-err><![CDATA[[Test worker] WARN net.thucydides.core.steps.BaseStepListener - stepStarted: net.thucydides.core.steps.ExecutedStepDescription@72ccd81a
[Test worker] WARN net.thucydides.core.steps.BaseStepListener - stepStarted: net.thucydides.core.steps.ExecutedStepDescription@c6a6c1d
[Test worker] WARN net.thucydides.core.steps.BaseStepListener - stepStarted: net.thucydides.core.steps.ExecutedStepDescription@33b082c5
oct 11, 2022 12:15:13 AM org.openqa.selenium.remote.DesiredCapabilities chrome
INFORMACIÓN: Using `new ChromeOptions()` is preferred to `DesiredCapabilities.chrome()`
[Test worker] INFO net.serenitybdd.core.webdriver.driverproviders.ProvideNewDriver - Instantiating driver
[Test worker] INFO net.serenitybdd.core.webdriver.driverproviders.ProvideNewDriver - Driver capabilities: Capabilities {acceptInsecureCerts: false, browserName: chrome, chrome.switches: --start-maximized, goog:chromeOptions: {args: [--start-maximized], extensions: []}, loggingPrefs: org.openqa.selenium.logging..., platform: ANY, version: }
Starting ChromeDriver 105.0.5195.52 (412c95e518836d8a7d97250d62b29c2ae6a26a85-refs/branch-heads/5195@{#853}) on port 32802
Only local connections are allowed.
Please see https://chromedriver.chromium.org/security-considerations for suggestions on keeping ChromeDriver safe.
ChromeDriver was started successfully.
[1665465317.860][WARNING]: This version of ChromeDriver has not been tested with Chrome version 106.
oct 11, 2022 12:15:17 AM org.openqa.selenium.remote.ProtocolHandshake createSession
INFORMACIÓN: Detected dialect: W3C
[Test worker] WARN net.thucydides.core.steps.BaseStepListener - stepFinished: current outcome:registar datos en la pagina todotest:Example: {email=hola@pruebaprueba.com, codigopostal=110011, telefono=314456789, contrasena=Holitas12} [Given Dirigirse a la URL [Javier url task [Javier opens the Objetos]]]
[Test worker] WARN net.thucydides.core.steps.BaseStepListener - stepFinished: current outcome:registar datos en la pagina todotest:Example: {email=hola@pruebaprueba.com, codigopostal=110011, telefono=314456789, contrasena=Holitas12} [Given Dirigirse a la URL [Javier url task [Javier opens the Objetos]]]
[Test worker] WARN net.thucydides.core.steps.BaseStepListener - stepFinished: current outcome:registar datos en la pagina todotest:Example: {email=hola@pruebaprueba.com, codigopostal=110011, telefono=314456789, contrasena=Holitas12} [Given Dirigirse a la URL [Javier url task [Javier opens the Objetos]]]
[Test worker] WARN net.thucydides.core.steps.BaseStepListener - stepStarted: net.thucydides.core.steps.ExecutedStepDescription@20eaeaf8
[Test worker] WARN net.thucydides.core.steps.BaseStepListener - stepStarted: net.thucydides.core.steps.ExecutedStepDescription@54e12f4c
[Test worker] WARN net.thucydides.core.steps.BaseStepListener - stepStarted: net.thucydides.core.steps.ExecutedStepDescription@40247d48
[Test worker] WARN net.thucydides.core.steps.BaseStepListener - stepFinished: current outcome:registar datos en la pagina todotest:Example: {email=hola@pruebaprueba.com, codigopostal=110011, telefono=314456789, contrasena=Holitas12} [Given Dirigirse a la URL [Javier url task [Javier opens the Objetos]], When el usuario da click en el boton registarse [Javier botonregistrarse task [Javier clicks on Boton aceptar cokkies]]]
[Test worker] WARN net.thucydides.core.steps.BaseStepListener - stepStarted: net.thucydides.core.steps.ExecutedStepDescription@36e43829
[Test worker] WARN net.thucydides.core.steps.BaseStepListener - stepFinished: current outcome:registar datos en la pagina todotest:Example: {email=hola@pruebaprueba.com, codigopostal=110011, telefono=314456789, contrasena=Holitas12} [Given Dirigirse a la URL [Javier url task [Javier opens the Objetos]], When el usuario da click en el boton registarse [Javier botonregistrarse task [Javier clicks on Boton aceptar cokkies, Javier clicks on Boton registrarse]]]
[Test worker] WARN net.thucydides.core.steps.BaseStepListener - stepFinished: current outcome:registar datos en la pagina todotest:Example: {email=hola@pruebaprueba.com, codigopostal=110011, telefono=314456789, contrasena=Holitas12} [Given Dirigirse a la URL [Javier url task [Javier opens the Objetos]], When el usuario da click en el boton registarse [Javier botonregistrarse task [Javier clicks on Boton aceptar cokkies, Javier clicks on Boton registrarse]]]
[Test worker] WARN net.thucydides.core.steps.BaseStepListener - stepFinished: current outcome:registar datos en la pagina todotest:Example: {email=hola@pruebaprueba.com, codigopostal=110011, telefono=314456789, contrasena=Holitas12} [Given Dirigirse a la URL [Javier url task [Javier opens the Objetos]], When el usuario da click en el boton registarse [Javier botonregistrarse task [Javier clicks on Boton aceptar cokkies, Javier clicks on Boton registrarse]]]
[Test worker] WARN net.thucydides.core.steps.BaseStepListener - stepStarted: net.thucydides.core.steps.ExecutedStepDescription@7f7b6639
[Test worker] WARN net.thucydides.core.steps.BaseStepListener - stepStarted: net.thucydides.core.steps.ExecutedStepDescription@101ca8da
[Test worker] WARN net.thucydides.core.steps.BaseStepListener - stepStarted: net.thucydides.core.steps.ExecutedStepDescription@c689973
[Test worker] WARN net.thucydides.core.steps.BaseStepListener - stepFinished: current outcome:registar datos en la pagina todotest:Example: {email=hola@pruebaprueba.com, codigopostal=110011, telefono=314456789, contrasena=Holitas12} [Given Dirigirse a la URL [Javier url task [Javier opens the Objetos]], When el usuario da click en el boton registarse [Javier botonregistrarse task [Javier clicks on Boton aceptar cokkies, Javier clicks on Boton registrarse]], Then Usuario llena los datos del formulario con hola@pruebaprueba.com tambien 110011 tambien 314456789 y Holitas12 [Javier datosformulario task [Javier clicks on Campo Email]]]
[Test worker] WARN net.thucydides.core.steps.BaseStepListener - stepStarted: net.thucydides.core.steps.ExecutedStepDescription@53d9826f
[Test worker] WARN net.thucydides.core.steps.BaseStepListener - stepFinished: current outcome:registar datos en la pagina todotest:Example: {email=hola@pruebaprueba.com, codigopostal=110011, telefono=314456789, contrasena=Holitas12} [Given Dirigirse a la URL [Javier url task [Javier opens the Objetos]], When el usuario da click en el boton registarse [Javier botonregistrarse task [Javier clicks on Boton aceptar cokkies, Javier clicks on Boton registrarse]], Then Usuario llena los datos del formulario con hola@pruebaprueba.com tambien 110011 tambien 314456789 y Holitas12 [Javier datosformulario task [Javier clicks on Campo Email, Javier enters 'hola@pruebaprueba.com' into Campo Email]]]
[Test worker] WARN net.thucydides.core.steps.BaseStepListener - stepStarted: net.thucydides.core.steps.ExecutedStepDescription@2668c286
[Test worker] WARN net.thucydides.core.steps.BaseStepListener - stepFinished: current outcome:registar datos en la pagina todotest:Example: {email=hola@pruebaprueba.com, codigopostal=110011, telefono=314456789, contrasena=Holitas12} [Given Dirigirse a la URL [Javier url task [Javier opens the Objetos]], When el usuario da click en el boton registarse [Javier botonregistrarse task [Javier clicks on Boton aceptar cokkies, Javier clicks on Boton registrarse]], Then Usuario llena los datos del formulario con hola@pruebaprueba.com tambien 110011 tambien 314456789 y Holitas12 [Javier datosformulario task [Javier clicks on Campo Email, Javier enters 'hola@pruebaprueba.com' into Campo Email, Javier clicks on Campo codigo postal]]]
[Test worker] WARN net.thucydides.core.steps.BaseStepListener - stepStarted: net.thucydides.core.steps.ExecutedStepDescription@67bd351e
[Test worker] WARN net.thucydides.core.steps.BaseStepListener - stepFinished: current outcome:registar datos en la pagina todotest:Example: {email=hola@pruebaprueba.com, codigopostal=110011, telefono=314456789, contrasena=Holitas12} [Given Dirigirse a la URL [Javier url task [Javier opens the Objetos]], When el usuario da click en el boton registarse [Javier botonregistrarse task [Javier clicks on Boton aceptar cokkies, Javier clicks on Boton registrarse]], Then Usuario llena los datos del formulario con hola@pruebaprueba.com tambien 110011 tambien 314456789 y Holitas12 [Javier datosformulario task [Javier clicks on Campo Email, Javier enters 'hola@pruebaprueba.com' into Campo Email, Javier clicks on Campo codigo postal, Javier enters '110011' into Campo codigo postal]]]
[Test worker] WARN net.thucydides.core.steps.BaseStepListener - stepStarted: net.thucydides.core.steps.ExecutedStepDescription@1a01d7f0
[Test worker] WARN net.thucydides.core.steps.BaseStepListener - stepFinished: current outcome:registar datos en la pagina todotest:Example: {email=hola@pruebaprueba.com, codigopostal=110011, telefono=314456789, contrasena=Holitas12} [Given Dirigirse a la URL [Javier url task [Javier opens the Objetos]], When el usuario da click en el boton registarse [Javier botonregistrarse task [Javier clicks on Boton aceptar cokkies, Javier clicks on Boton registrarse]], Then Usuario llena los datos del formulario con hola@pruebaprueba.com tambien 110011 tambien 314456789 y Holitas12 [Javier datosformulario task [Javier clicks on Campo Email, Javier enters 'hola@pruebaprueba.com' into Campo Email, Javier clicks on Campo codigo postal, Javier enters '110011' into Campo codigo postal, Javier clicks on Campo telefono]]]
[Test worker] WARN net.thucydides.core.steps.BaseStepListener - stepStarted: net.thucydides.core.steps.ExecutedStepDescription@72906e
[Test worker] WARN net.thucydides.core.steps.BaseStepListener - stepFinished: current outcome:registar datos en la pagina todotest:Example: {email=hola@pruebaprueba.com, codigopostal=110011, telefono=314456789, contrasena=Holitas12} [Given Dirigirse a la URL [Javier url task [Javier opens the Objetos]], When el usuario da click en el boton registarse [Javier botonregistrarse task [Javier clicks on Boton aceptar cokkies, Javier clicks on Boton registrarse]], Then Usuario llena los datos del formulario con hola@pruebaprueba.com tambien 110011 tambien 314456789 y Holitas12 [Javier datosformulario task [Javier clicks on Campo Email, Javier enters 'hola@pruebaprueba.com' into Campo Email, Javier clicks on Campo codigo postal, Javier enters '110011' into Campo codigo postal, Javier clicks on Campo telefono, Javier enters '314456789' into Campo telefono]]]
[Test worker] WARN net.thucydides.core.steps.BaseStepListener - stepStarted: net.thucydides.core.steps.ExecutedStepDescription@773014d3
[Test worker] WARN net.thucydides.core.steps.BaseStepListener - stepFinished: current outcome:registar datos en la pagina todotest:Example: {email=hola@pruebaprueba.com, codigopostal=110011, telefono=314456789, contrasena=Holitas12} [Given Dirigirse a la URL [Javier url task [Javier opens the Objetos]], When el usuario da click en el boton registarse [Javier botonregistrarse task [Javier clicks on Boton aceptar cokkies, Javier clicks on Boton registrarse]], Then Usuario llena los datos del formulario con hola@pruebaprueba.com tambien 110011 tambien 314456789 y Holitas12 [Javier datosformulario task [Javier clicks on Campo Email, Javier enters 'hola@pruebaprueba.com' into Campo Email, Javier clicks on Campo codigo postal, Javier enters '110011' into Campo codigo postal, Javier clicks on Campo telefono, Javier enters '314456789' into Campo telefono, Javier clicks on Selector de tiempo de presentar examen]]]
[Test worker] WARN net.thucydides.core.steps.BaseStepListener - stepStarted: net.thucydides.core.steps.ExecutedStepDescription@3bc69ce9
[Test worker] WARN net.thucydides.core.steps.BaseStepListener - stepFinished: current outcome:registar datos en la pagina todotest:Example: {email=hola@pruebaprueba.com, codigopostal=110011, telefono=314456789, contrasena=Holitas12} [Given Dirigirse a la URL [Javier url task [Javier opens the Objetos]], When el usuario da click en el boton registarse [Javier botonregistrarse task [Javier clicks on Boton aceptar cokkies, Javier clicks on Boton registrarse]], Then Usuario llena los datos del formulario con hola@pruebaprueba.com tambien 110011 tambien 314456789 y Holitas12 [Javier datosformulario task [Javier clicks on Campo Email, Javier enters 'hola@pruebaprueba.com' into Campo Email, Javier clicks on Campo codigo postal, Javier enters '110011' into Campo codigo postal, Javier clicks on Campo telefono, Javier enters '314456789' into Campo telefono, Javier clicks on Selector de tiempo de presentar examen, Javier clicks on Porque de la solicitud]]]
[Test worker] WARN net.thucydides.core.steps.BaseStepListener - stepStarted: net.thucydides.core.steps.ExecutedStepDescription@16134476
[Test worker] WARN net.thucydides.core.steps.BaseStepListener - stepFinished: current outcome:registar datos en la pagina todotest:Example: {email=hola@pruebaprueba.com, codigopostal=110011, telefono=314456789, contrasena=Holitas12} [Given Dirigirse a la URL [Javier url task [Javier opens the Objetos]], When el usuario da click en el boton registarse [Javier botonregistrarse task [Javier clicks on Boton aceptar cokkies, Javier clicks on Boton registrarse]], Then Usuario llena los datos del formulario con hola@pruebaprueba.com tambien 110011 tambien 314456789 y Holitas12 [Javier datosformulario task [Javier clicks on Campo Email, Javier enters 'hola@pruebaprueba.com' into Campo Email, Javier clicks on Campo codigo postal, Javier enters '110011' into Campo codigo postal, Javier clicks on Campo telefono, Javier enters '314456789' into Campo telefono, Javier clicks on Selector de tiempo de presentar examen, Javier clicks on Porque de la solicitud, Javier clicks on Selector si va por via libre]]]
[Test worker] WARN net.thucydides.core.steps.BaseStepListener - stepStarted: net.thucydides.core.steps.ExecutedStepDescription@fd413fb
[Test worker] WARN net.thucydides.core.steps.BaseStepListener - stepFinished: current outcome:registar datos en la pagina todotest:Example: {email=hola@pruebaprueba.com, codigopostal=110011, telefono=314456789, contrasena=Holitas12} [Given Dirigirse a la URL [Javier url task [Javier opens the Objetos]], When el usuario da click en el boton registarse [Javier botonregistrarse task [Javier clicks on Boton aceptar cokkies, Javier clicks on Boton registrarse]], Then Usuario llena los datos del formulario con hola@pruebaprueba.com tambien 110011 tambien 314456789 y Holitas12 [Javier datosformulario task [Javier clicks on Campo Email, Javier enters 'hola@pruebaprueba.com' into Campo Email, Javier clicks on Campo codigo postal, Javier enters '110011' into Campo codigo postal, Javier clicks on Campo telefono, Javier enters '314456789' into Campo telefono, Javier clicks on Selector de tiempo de presentar examen, Javier clicks on Porque de la solicitud, Javier clicks on Selector si va por via libre, Javier clicks on Escribir contraseÃ±a]]]
[Test worker] WARN net.thucydides.core.steps.BaseStepListener - stepStarted: net.thucydides.core.steps.ExecutedStepDescription@384fda47
[Test worker] WARN net.thucydides.core.steps.BaseStepListener - stepFinished: current outcome:registar datos en la pagina todotest:Example: {email=hola@pruebaprueba.com, codigopostal=110011, telefono=314456789, contrasena=Holitas12} [Given Dirigirse a la URL [Javier url task [Javier opens the Objetos]], When el usuario da click en el boton registarse [Javier botonregistrarse task [Javier clicks on Boton aceptar cokkies, Javier clicks on Boton registrarse]], Then Usuario llena los datos del formulario con hola@pruebaprueba.com tambien 110011 tambien 314456789 y Holitas12 [Javier datosformulario task [Javier clicks on Campo Email, Javier enters 'hola@pruebaprueba.com' into Campo Email, Javier clicks on Campo codigo postal, Javier enters '110011' into Campo codigo postal, Javier clicks on Campo telefono, Javier enters '314456789' into Campo telefono, Javier clicks on Selector de tiempo de presentar examen, Javier clicks on Porque de la solicitud, Javier clicks on Selector si va por via libre, Javier clicks on Escribir contraseÃ±a, Javier enters 'Holitas12' into Escribir contraseÃ±a]]]
[Test worker] WARN net.thucydides.core.steps.BaseStepListener - stepStarted: net.thucydides.core.steps.ExecutedStepDescription@cde8c6c
[Test worker] WARN net.thucydides.core.steps.BaseStepListener - stepFinished: current outcome:registar datos en la pagina todotest:Example: {email=hola@pruebaprueba.com, codigopostal=110011, telefono=314456789, contrasena=Holitas12} [Given Dirigirse a la URL [Javier url task [Javier opens the Objetos]], When el usuario da click en el boton registarse [Javier botonregistrarse task [Javier clicks on Boton aceptar cokkies, Javier clicks on Boton registrarse]], Then Usuario llena los datos del formulario con hola@pruebaprueba.com tambien 110011 tambien 314456789 y Holitas12 [Javier datosformulario task [Javier clicks on Campo Email, Javier enters 'hola@pruebaprueba.com' into Campo Email, Javier clicks on Campo codigo postal, Javier enters '110011' into Campo codigo postal, Javier clicks on Campo telefono, Javier enters '314456789' into Campo telefono, Javier clicks on Selector de tiempo de presentar examen, Javier clicks on Porque de la solicitud, Javier clicks on Selector si va por via libre, Javier clicks on Escribir contraseÃ±a, Javier enters 'Holitas12' into Escribir contraseÃ±a, Javier clicks on Repetir contraseÃ±a]]]
[Test worker] WARN net.thucydides.core.steps.BaseStepListener - stepStarted: net.thucydides.core.steps.ExecutedStepDescription@4bc6da03
[Test worker] WARN net.thucydides.core.steps.BaseStepListener - stepFinished: current outcome:registar datos en la pagina todotest:Example: {email=hola@pruebaprueba.com, codigopostal=110011, telefono=314456789, contrasena=Holitas12} [Given Dirigirse a la URL [Javier url task [Javier opens the Objetos]], When el usuario da click en el boton registarse [Javier botonregistrarse task [Javier clicks on Boton aceptar cokkies, Javier clicks on Boton registrarse]], Then Usuario llena los datos del formulario con hola@pruebaprueba.com tambien 110011 tambien 314456789 y Holitas12 [Javier datosformulario task [Javier clicks on Campo Email, Javier enters 'hola@pruebaprueba.com' into Campo Email, Javier clicks on Campo codigo postal, Javier enters '110011' into Campo codigo postal, Javier clicks on Campo telefono, Javier enters '314456789' into Campo telefono, Javier clicks on Selector de tiempo de presentar examen, Javier clicks on Porque de la solicitud, Javier clicks on Selector si va por via libre, Javier clicks on Escribir contraseÃ±a, Javier enters 'Holitas12' into Escribir contraseÃ±a, Javier clicks on Repetir contraseÃ±a, Javier enters 'Holitas12' into Repetir contraseÃ±a]]]
[Test worker] WARN net.thucydides.core.steps.BaseStepListener - stepStarted: net.thucydides.core.steps.ExecutedStepDescription@543d5863
[Test worker] WARN net.thucydides.core.steps.BaseStepListener - stepFinished: current outcome:registar datos en la pagina todotest:Example: {email=hola@pruebaprueba.com, codigopostal=110011, telefono=314456789, contrasena=Holitas12} [Given Dirigirse a la URL [Javier url task [Javier opens the Objetos]], When el usuario da click en el boton registarse [Javier botonregistrarse task [Javier clicks on Boton aceptar cokkies, Javier clicks on Boton registrarse]], Then Usuario llena los datos del formulario con hola@pruebaprueba.com tambien 110011 tambien 314456789 y Holitas12 [Javier datosformulario task [Javier clicks on Campo Email, Javier enters 'hola@pruebaprueba.com' into Campo Email, Javier clicks on Campo codigo postal, Javier enters '110011' into Campo codigo postal, Javier clicks on Campo telefono, Javier enters '314456789' into Campo telefono, Javier clicks on Selector de tiempo de presentar examen, Javier clicks on Porque de la solicitud, Javier clicks on Selector si va por via libre, Javier clicks on Escribir contraseÃ±a, Javier enters 'Holitas12' into Escribir contraseÃ±a, Javier clicks on Repetir contraseÃ±a, Javier enters 'Holitas12' into Repetir contraseÃ±a, Javier clicks on Aceptar terminos y condiciones]]]
[Test worker] WARN net.thucydides.core.steps.BaseStepListener - stepStarted: net.thucydides.core.steps.ExecutedStepDescription@ea7a4c3
[Test worker] WARN net.thucydides.core.steps.BaseStepListener - stepFinished: current outcome:registar datos en la pagina todotest:Example: {email=hola@pruebaprueba.com, codigopostal=110011, telefono=314456789, contrasena=Holitas12} [Given Dirigirse a la URL [Javier url task [Javier opens the Objetos]], When el usuario da click en el boton registarse [Javier botonregistrarse task [Javier clicks on Boton aceptar cokkies, Javier clicks on Boton registrarse]], Then Usuario llena los datos del formulario con hola@pruebaprueba.com tambien 110011 tambien 314456789 y Holitas12 [Javier datosformulario task [Javier clicks on Campo Email, Javier enters 'hola@pruebaprueba.com' into Campo Email, Javier clicks on Campo codigo postal, Javier enters '110011' into Campo codigo postal, Javier clicks on Campo telefono, Javier enters '314456789' into Campo telefono, Javier clicks on Selector de tiempo de presentar examen, Javier clicks on Porque de la solicitud, Javier clicks on Selector si va por via libre, Javier clicks on Escribir contraseÃ±a, Javier enters 'Holitas12' into Escribir contraseÃ±a, Javier clicks on Repetir contraseÃ±a, Javier enters 'Holitas12' into Repetir contraseÃ±a, Javier clicks on Aceptar terminos y condiciones, Javier clicks on Recibir informacion]]]
[Test worker] WARN net.thucydides.core.steps.BaseStepListener - stepFinished: current outcome:registar datos en la pagina todotest:Example: {email=hola@pruebaprueba.com, codigopostal=110011, telefono=314456789, contrasena=Holitas12} [Given Dirigirse a la URL [Javier url task [Javier opens the Objetos]], When el usuario da click en el boton registarse [Javier botonregistrarse task [Javier clicks on Boton aceptar cokkies, Javier clicks on Boton registrarse]], Then Usuario llena los datos del formulario con hola@pruebaprueba.com tambien 110011 tambien 314456789 y Holitas12 [Javier datosformulario task [Javier clicks on Campo Email, Javier enters 'hola@pruebaprueba.com' into Campo Email, Javier clicks on Campo codigo postal, Javier enters '110011' into Campo codigo postal, Javier clicks on Campo telefono, Javier enters '314456789' into Campo telefono, Javier clicks on Selector de tiempo de presentar examen, Javier clicks on Porque de la solicitud, Javier clicks on Selector si va por via libre, Javier clicks on Escribir contraseÃ±a, Javier enters 'Holitas12' into Escribir contraseÃ±a, Javier clicks on Repetir contraseÃ±a, Javier enters 'Holitas12' into Repetir contraseÃ±a, Javier clicks on Aceptar terminos y condiciones, Javier clicks on Recibir informacion]]]
[Test worker] WARN net.thucydides.core.steps.BaseStepListener - stepFinished: current outcome:registar datos en la pagina todotest:Example: {email=hola@pruebaprueba.com, codigopostal=110011, telefono=314456789, contrasena=Holitas12} [Given Dirigirse a la URL [Javier url task [Javier opens the Objetos]], When el usuario da click en el boton registarse [Javier botonregistrarse task [Javier clicks on Boton aceptar cokkies, Javier clicks on Boton registrarse]], Then Usuario llena los datos del formulario con hola@pruebaprueba.com tambien 110011 tambien 314456789 y Holitas12 [Javier datosformulario task [Javier clicks on Campo Email, Javier enters 'hola@pruebaprueba.com' into Campo Email, Javier clicks on Campo codigo postal, Javier enters '110011' into Campo codigo postal, Javier clicks on Campo telefono, Javier enters '314456789' into Campo telefono, Javier clicks on Selector de tiempo de presentar examen, Javier clicks on Porque de la solicitud, Javier clicks on Selector si va por via libre, Javier clicks on Escribir contraseÃ±a, Javier enters 'Holitas12' into Escribir contraseÃ±a, Javier clicks on Repetir contraseÃ±a, Javier enters 'Holitas12' into Repetir contraseÃ±a, Javier clicks on Aceptar terminos y condiciones, Javier clicks on Recibir informacion]]]
[Test worker] WARN net.thucydides.core.steps.BaseStepListener - stepStarted: net.thucydides.core.steps.ExecutedStepDescription@ea00de
[Test worker] WARN net.thucydides.core.steps.BaseStepListener - stepStarted: net.thucydides.core.steps.ExecutedStepDescription@76f2dad9
[Test worker] WARN net.thucydides.core.steps.BaseStepListener - stepStarted: net.thucydides.core.steps.ExecutedStepDescription@64502326
[Test worker] WARN net.thucydides.core.steps.BaseStepListener - stepFinished: current outcome:registar datos en la pagina todotest:Example: {email=hola@pruebaprueba.com, codigopostal=110011, telefono=314456789, contrasena=Holitas12} [Given Dirigirse a la URL [Javier url task [Javier opens the Objetos]], When el usuario da click en el boton registarse [Javier botonregistrarse task [Javier clicks on Boton aceptar cokkies, Javier clicks on Boton registrarse]], Then Usuario llena los datos del formulario con hola@pruebaprueba.com tambien 110011 tambien 314456789 y Holitas12 [Javier datosformulario task [Javier clicks on Campo Email, Javier enters 'hola@pruebaprueba.com' into Campo Email, Javier clicks on Campo codigo postal, Javier enters '110011' into Campo codigo postal, Javier clicks on Campo telefono, Javier enters '314456789' into Campo telefono, Javier clicks on Selector de tiempo de presentar examen, Javier clicks on Porque de la solicitud, Javier clicks on Selector si va por via libre, Javier clicks on Escribir contraseÃ±a, Javier enters 'Holitas12' into Escribir contraseÃ±a, Javier clicks on Repetir contraseÃ±a, Javier enters 'Holitas12' into Repetir contraseÃ±a, Javier clicks on Aceptar terminos y condiciones, Javier clicks on Recibir informacion]], And usuario da click en boton confirmar registro [Javier botonconfirmar task [Javier clicks on Boton confirmar registro]]]
[Test worker] WARN net.thucydides.core.steps.BaseStepListener - stepFinished: current outcome:registar datos en la pagina todotest:Example: {email=hola@pruebaprueba.com, codigopostal=110011, telefono=314456789, contrasena=Holitas12} [Given Dirigirse a la URL [Javier url task [Javier opens the Objetos]], When el usuario da click en el boton registarse [Javier botonregistrarse task [Javier clicks on Boton aceptar cokkies, Javier clicks on Boton registrarse]], Then Usuario llena los datos del formulario con hola@pruebaprueba.com tambien 110011 tambien 314456789 y Holitas12 [Javier datosformulario task [Javier clicks on Campo Email, Javier enters 'hola@pruebaprueba.com' into Campo Email, Javier clicks on Campo codigo postal, Javier enters '110011' into Campo codigo postal, Javier clicks on Campo telefono, Javier enters '314456789' into Campo telefono, Javier clicks on Selector de tiempo de presentar examen, Javier clicks on Porque de la solicitud, Javier clicks on Selector si va por via libre, Javier clicks on Escribir contraseÃ±a, Javier enters 'Holitas12' into Escribir contraseÃ±a, Javier clicks on Repetir contraseÃ±a, Javier enters 'Holitas12' into Repetir contraseÃ±a, Javier clicks on Aceptar terminos y condiciones, Javier clicks on Recibir informacion]], And usuario da click en boton confirmar registro [Javier botonconfirmar task [Javier clicks on Boton confirmar registro]]]
[Test worker] WARN net.thucydides.core.steps.BaseStepListener - stepFinished: current outcome:registar datos en la pagina todotest:Example: {email=hola@pruebaprueba.com, codigopostal=110011, telefono=314456789, contrasena=Holitas12} [Given Dirigirse a la URL [Javier url task [Javier opens the Objetos]], When el usuario da click en el boton registarse [Javier botonregistrarse task [Javier clicks on Boton aceptar cokkies, Javier clicks on Boton registrarse]], Then Usuario llena los datos del formulario con hola@pruebaprueba.com tambien 110011 tambien 314456789 y Holitas12 [Javier datosformulario task [Javier clicks on Campo Email, Javier enters 'hola@pruebaprueba.com' into Campo Email, Javier clicks on Campo codigo postal, Javier enters '110011' into Campo codigo postal, Javier clicks on Campo telefono, Javier enters '314456789' into Campo telefono, Javier clicks on Selector de tiempo de presentar examen, Javier clicks on Porque de la solicitud, Javier clicks on Selector si va por via libre, Javier clicks on Escribir contraseÃ±a, Javier enters 'Holitas12' into Escribir contraseÃ±a, Javier clicks on Repetir contraseÃ±a, Javier enters 'Holitas12' into Repetir contraseÃ±a, Javier clicks on Aceptar terminos y condiciones, Javier clicks on Recibir informacion]], And usuario da click en boton confirmar registro [Javier botonconfirmar task [Javier clicks on Boton confirmar registro]]]
[Test worker] WARN net.thucydides.core.steps.BaseStepListener - stepFinished: current outcome:registar datos en la pagina todotest:Example: {email=hola@pruebaprueba.com, codigopostal=110011, telefono=314456789, contrasena=Holitas12} [Given Dirigirse a la URL [Javier url task [Javier opens the Objetos]], When el usuario da click en el boton registarse [Javier botonregistrarse task [Javier clicks on Boton aceptar cokkies, Javier clicks on Boton registrarse]], Then Usuario llena los datos del formulario con hola@pruebaprueba.com tambien 110011 tambien 314456789 y Holitas12 [Javier datosformulario task [Javier clicks on Campo Email, Javier enters 'hola@pruebaprueba.com' into Campo Email, Javier clicks on Campo codigo postal, Javier enters '110011' into Campo codigo postal, Javier clicks on Campo telefono, Javier enters '314456789' into Campo telefono, Javier clicks on Selector de tiempo de presentar examen, Javier clicks on Porque de la solicitud, Javier clicks on Selector si va por via libre, Javier clicks on Escribir contraseÃ±a, Javier enters 'Holitas12' into Escribir contraseÃ±a, Javier clicks on Repetir contraseÃ±a, Javier enters 'Holitas12' into Repetir contraseÃ±a, Javier clicks on Aceptar terminos y condiciones, Javier clicks on Recibir informacion]], And usuario da click en boton confirmar registro [Javier botonconfirmar task [Javier clicks on Boton confirmar registro]]]
[Test worker] WARN net.thucydides.core.steps.BaseStepListener - testFinished: registar datos en la pagina todotest:Example: {email=hola@pruebaprueba.com, codigopostal=110011, telefono=314456789, contrasena=Holitas12} [Given Dirigirse a la URL [Javier url task [Javier opens the Objetos]], When el usuario da click en el boton registarse [Javier botonregistrarse task [Javier clicks on Boton aceptar cokkies, Javier clicks on Boton registrarse]], Then Usuario llena los datos del formulario con hola@pruebaprueba.com tambien 110011 tambien 314456789 y Holitas12 [Javier datosformulario task [Javier clicks on Campo Email, Javier enters 'hola@pruebaprueba.com' into Campo Email, Javier clicks on Campo codigo postal, Javier enters '110011' into Campo codigo postal, Javier clicks on Campo telefono, Javier enters '314456789' into Campo telefono, Javier clicks on Selector de tiempo de presentar examen, Javier clicks on Porque de la solicitud, Javier clicks on Selector si va por via libre, Javier clicks on Escribir contraseÃ±a, Javier enters 'Holitas12' into Escribir contraseÃ±a, Javier clicks on Repetir contraseÃ±a, Javier enters 'Holitas12' into Repetir contraseÃ±a, Javier clicks on Aceptar terminos y condiciones, Javier clicks on Recibir informacion]], And usuario da click en boton confirmar registro [Javier botonconfirmar task [Javier clicks on Boton confirmar registro]]]
[Test worker] WARN net.thucydides.core.steps.BaseStepListener - TestOutcomes: [registar datos en la pagina todotest:Example: {email=hola@pruebaprueba.com, codigopostal=110011, telefono=314456789, contrasena=Holitas12} [Given Dirigirse a la URL [Javier url task [Javier opens the Objetos]], When el usuario da click en el boton registarse [Javier botonregistrarse task [Javier clicks on Boton aceptar cokkies, Javier clicks on Boton registrarse]], Then Usuario llena los datos del formulario con hola@pruebaprueba.com tambien 110011 tambien 314456789 y Holitas12 [Javier datosformulario task [Javier clicks on Campo Email, Javier enters 'hola@pruebaprueba.com' into Campo Email, Javier clicks on Campo codigo postal, Javier enters '110011' into Campo codigo postal, Javier clicks on Campo telefono, Javier enters '314456789' into Campo telefono, Javier clicks on Selector de tiempo de presentar examen, Javier clicks on Porque de la solicitud, Javier clicks on Selector si va por via libre, Javier clicks on Escribir contraseÃ±a, Javier enters 'Holitas12' into Escribir contraseÃ±a, Javier clicks on Repetir contraseÃ±a, Javier enters 'Holitas12' into Repetir contraseÃ±a, Javier clicks on Aceptar terminos y condiciones, Javier clicks on Recibir informacion]], And usuario da click en boton confirmar registro [Javier botonconfirmar task [Javier clicks on Boton confirmar registro]]]]
[Test worker] WARN net.thucydides.core.steps.BaseStepListener - Final testOutcomes: [registar datos en la pagina todotest:Example: {email=hola@pruebaprueba.com, codigopostal=110011, telefono=314456789, contrasena=Holitas12} [Given Dirigirse a la URL [Javier url task [Javier opens the Objetos]], When el usuario da click en el boton registarse [Javier botonregistrarse task [Javier clicks on Boton aceptar cokkies, Javier clicks on Boton registrarse]], Then Usuario llena los datos del formulario con hola@pruebaprueba.com tambien 110011 tambien 314456789 y Holitas12 [Javier datosformulario task [Javier clicks on Campo Email, Javier enters 'hola@pruebaprueba.com' into Campo Email, Javier clicks on Campo codigo postal, Javier enters '110011' into Campo codigo postal, Javier clicks on Campo telefono, Javier enters '314456789' into Campo telefono, Javier clicks on Selector de tiempo de presentar examen, Javier clicks on Porque de la solicitud, Javier clicks on Selector si va por via libre, Javier clicks on Escribir contraseÃ±a, Javier enters 'Holitas12' into Escribir contraseÃ±a, Javier clicks on Repetir contraseÃ±a, Javier enters 'Holitas12' into Repetir contraseÃ±a, Javier clicks on Aceptar terminos y condiciones, Javier clicks on Recibir informacion]], And usuario da click en boton confirmar registro [Javier botonconfirmar task [Javier clicks on Boton confirmar registro]]]]
[Test worker] INFO net.thucydides.core.steps.ConsoleLoggingListener - 
        __    _____ _____ ____ _____   ____   _    ____  ____  _____ ____  
  _     \ \  |_   _| ____/ ___|_   _| |  _ \ / \  / ___|/ ___|| ____|  _ \ 
 (_)_____| |   | | |  _| \___ \ | |   | |_) / _ \ \___ \\___ \|  _| | | | |
  _|_____| |   | | | |___ ___) || |   |  __/ ___ \ ___) |___) | |___| |_| |
 (_)     | |   |_| |_____|____/ |_|   |_| /_/   \_\____/|____/|_____|____/ 
        /_/                                                                

TEST PASSED: registar datos en la pagina todotest
----------------------------------------------------------------------------
]]></system-err>
</testsuite>
